2019-06-15 04:48:22,818 - octoprint.server.heartbeat - INFO - Server heartbeat <3
2019-06-15 04:48:22,826 - octoprint.server - INFO - --- Log roll over detected ---------------------------------------------------
2019-06-15 04:48:22,828 - octoprint.server - INFO - OctoPrint 1.3.11
2019-06-15 04:48:22,840 - octoprint.plugin.core - INFO - 14 plugin(s) registered with the system:
|  Action Command Prompt Support (bundled) = /opt/octoprint/venv/lib/python2.7/site-packages/OctoPrint-1.3.11-py2.7.egg/octoprint/plugins/action_command_prompt
|  Announcement Plugin (bundled) = /opt/octoprint/venv/lib/python2.7/site-packages/OctoPrint-1.3.11-py2.7.egg/octoprint/plugins/announcements
|  Anonymous Usage Tracking (bundled) = /opt/octoprint/venv/lib/python2.7/site-packages/OctoPrint-1.3.11-py2.7.egg/octoprint/plugins/tracking
|  Application Keys Plugin (bundled) = /opt/octoprint/venv/lib/python2.7/site-packages/OctoPrint-1.3.11-py2.7.egg/octoprint/plugins/appkeys
|  Backup & Restore (bundled) = /opt/octoprint/venv/lib/python2.7/site-packages/OctoPrint-1.3.11-py2.7.egg/octoprint/plugins/backup
|  Core Wizard (bundled) = /opt/octoprint/venv/lib/python2.7/site-packages/OctoPrint-1.3.11-py2.7.egg/octoprint/plugins/corewizard
|  Discovery (bundled) = /opt/octoprint/venv/lib/python2.7/site-packages/OctoPrint-1.3.11-py2.7.egg/octoprint/plugins/discovery
|  Error Tracking (bundled) = /opt/octoprint/venv/lib/python2.7/site-packages/OctoPrint-1.3.11-py2.7.egg/octoprint/plugins/errortracking
|  Force Login (bundled) = /opt/octoprint/venv/lib/python2.7/site-packages/OctoPrint-1.3.11-py2.7.egg/octoprint/plugins/forcelogin
|  Logging (bundled) = /opt/octoprint/venv/lib/python2.7/site-packages/OctoPrint-1.3.11-py2.7.egg/octoprint/plugins/logging
|  Plugin Manager (bundled) = /opt/octoprint/venv/lib/python2.7/site-packages/OctoPrint-1.3.11-py2.7.egg/octoprint/plugins/pluginmanager
|  Printer Safety Check (bundled) = /opt/octoprint/venv/lib/python2.7/site-packages/OctoPrint-1.3.11-py2.7.egg/octoprint/plugins/printer_safety_check
|  Software Update (bundled) = /opt/octoprint/venv/lib/python2.7/site-packages/OctoPrint-1.3.11-py2.7.egg/octoprint/plugins/softwareupdate
|  Virtual Printer (bundled) = /opt/octoprint/venv/lib/python2.7/site-packages/OctoPrint-1.3.11-py2.7.egg/octoprint/plugins/virtual_printer
2019-06-15 04:48:22,880 - octoprint.environment - INFO - Detected environment is Python 2.7.16 under Linux (linux2). Details:
|  hardware:
|    cores: 4
|    freq: 1296.0
|    ram: 1047601152
|  os:
|    id: linux
|    platform: linux2
|  python:
|    pip: 19.1.1
|    version: 2.7.16
|    virtualenv: /opt/octoprint/venv
2019-06-15 04:48:22,882 - octoprint.server - INFO - ------------------------------------------------------------------------------
2019-06-15 04:48:38,989 - octoprint.plugins.tracking - INFO - Sent tracking event ping, payload: {'octoprint_uptime': 345619}
2019-06-15 05:03:22,826 - octoprint.server.heartbeat - INFO - Server heartbeat <3
2019-06-15 05:03:39,094 - octoprint.plugins.tracking - INFO - Sent tracking event ping, payload: {'octoprint_uptime': 346519}
2019-06-15 05:18:22,828 - octoprint.server.heartbeat - INFO - Server heartbeat <3
2019-06-15 05:18:39,035 - octoprint.plugins.tracking - INFO - Sent tracking event ping, payload: {'octoprint_uptime': 347419}
2019-06-15 05:33:22,833 - octoprint.server.heartbeat - INFO - Server heartbeat <3
2019-06-15 05:33:39,048 - octoprint.plugins.tracking - INFO - Sent tracking event ping, payload: {'octoprint_uptime': 348319}
2019-06-15 05:48:22,839 - octoprint.server.heartbeat - INFO - Server heartbeat <3
2019-06-15 05:48:39,061 - octoprint.plugins.tracking - INFO - Sent tracking event ping, payload: {'octoprint_uptime': 349219}
2019-06-15 06:03:22,843 - octoprint.server.heartbeat - INFO - Server heartbeat <3
2019-06-15 06:03:39,102 - octoprint.plugins.tracking - INFO - Sent tracking event ping, payload: {'octoprint_uptime': 350119}
2019-06-15 06:18:22,849 - octoprint.server.heartbeat - INFO - Server heartbeat <3
2019-06-15 06:18:39,129 - octoprint.plugins.tracking - INFO - Sent tracking event ping, payload: {'octoprint_uptime': 351019}
2019-06-15 06:33:22,854 - octoprint.server.heartbeat - INFO - Server heartbeat <3
2019-06-15 06:33:39,131 - octoprint.plugins.tracking - INFO - Sent tracking event ping, payload: {'octoprint_uptime': 351919}
2019-06-15 06:48:22,858 - octoprint.server.heartbeat - INFO - Server heartbeat <3
2019-06-15 06:48:39,159 - octoprint.plugins.tracking - INFO - Sent tracking event ping, payload: {'octoprint_uptime': 352819}
2019-06-15 07:03:22,862 - octoprint.server.heartbeat - INFO - Server heartbeat <3
2019-06-15 07:03:39,179 - octoprint.plugins.tracking - INFO - Sent tracking event ping, payload: {'octoprint_uptime': 353719}
2019-06-15 07:18:22,869 - octoprint.server.heartbeat - INFO - Server heartbeat <3
2019-06-15 07:18:39,163 - octoprint.plugins.tracking - INFO - Sent tracking event ping, payload: {'octoprint_uptime': 354619}
2019-06-15 07:33:22,875 - octoprint.server.heartbeat - INFO - Server heartbeat <3
2019-06-15 07:33:39,201 - octoprint.plugins.tracking - INFO - Sent tracking event ping, payload: {'octoprint_uptime': 355519}
2019-06-15 07:48:22,879 - octoprint.server.heartbeat - INFO - Server heartbeat <3
2019-06-15 07:48:39,160 - octoprint.plugins.tracking - INFO - Sent tracking event ping, payload: {'octoprint_uptime': 356419}
2019-06-15 08:03:22,884 - octoprint.server.heartbeat - INFO - Server heartbeat <3
2019-06-15 08:03:39,179 - octoprint.plugins.tracking - INFO - Sent tracking event ping, payload: {'octoprint_uptime': 357319}
2019-06-15 08:18:22,889 - octoprint.server.heartbeat - INFO - Server heartbeat <3
2019-06-15 08:18:39,259 - octoprint.plugins.tracking - INFO - Sent tracking event ping, payload: {'octoprint_uptime': 358219}
2019-06-15 08:33:22,891 - octoprint.server.heartbeat - INFO - Server heartbeat <3
2019-06-15 08:33:39,226 - octoprint.plugins.tracking - INFO - Sent tracking event ping, payload: {'octoprint_uptime': 359119}
2019-06-15 08:48:22,894 - octoprint.server.heartbeat - INFO - Server heartbeat <3
2019-06-15 08:48:39,309 - octoprint.plugins.tracking - INFO - Sent tracking event ping, payload: {'octoprint_uptime': 360019}
2019-06-15 09:03:22,897 - octoprint.server.heartbeat - INFO - Server heartbeat <3
2019-06-15 09:03:39,320 - octoprint.plugins.tracking - INFO - Sent tracking event ping, payload: {'octoprint_uptime': 360919}
2019-06-15 09:18:22,901 - octoprint.server.heartbeat - INFO - Server heartbeat <3
2019-06-15 09:18:39,343 - octoprint.plugins.tracking - INFO - Sent tracking event ping, payload: {'octoprint_uptime': 361819}
2019-06-15 09:33:22,904 - octoprint.server.heartbeat - INFO - Server heartbeat <3
2019-06-15 09:33:39,371 - octoprint.plugins.tracking - INFO - Sent tracking event ping, payload: {'octoprint_uptime': 362719}
2019-06-15 09:48:22,908 - octoprint.server.heartbeat - INFO - Server heartbeat <3
2019-06-15 09:48:39,367 - octoprint.plugins.tracking - INFO - Sent tracking event ping, payload: {'octoprint_uptime': 363619}
2019-06-15 10:03:22,911 - octoprint.server.heartbeat - INFO - Server heartbeat <3
2019-06-15 10:03:39,403 - octoprint.plugins.tracking - INFO - Sent tracking event ping, payload: {'octoprint_uptime': 364519}
2019-06-15 10:18:22,915 - octoprint.server.heartbeat - INFO - Server heartbeat <3
2019-06-15 10:18:39,455 - octoprint.plugins.tracking - INFO - Sent tracking event ping, payload: {'octoprint_uptime': 365420}
2019-06-15 10:33:22,919 - octoprint.server.heartbeat - INFO - Server heartbeat <3
2019-06-15 10:33:39,467 - octoprint.plugins.tracking - INFO - Sent tracking event ping, payload: {'octoprint_uptime': 366320}
2019-06-15 10:48:22,926 - octoprint.server.heartbeat - INFO - Server heartbeat <3
2019-06-15 10:48:39,460 - octoprint.plugins.tracking - INFO - Sent tracking event ping, payload: {'octoprint_uptime': 367220}
2019-06-15 11:03:22,931 - octoprint.server.heartbeat - INFO - Server heartbeat <3
2019-06-15 11:03:39,487 - octoprint.plugins.tracking - INFO - Sent tracking event ping, payload: {'octoprint_uptime': 368120}
2019-06-15 11:18:22,936 - octoprint.server.heartbeat - INFO - Server heartbeat <3
2019-06-15 11:18:39,473 - octoprint.plugins.tracking - INFO - Sent tracking event ping, payload: {'octoprint_uptime': 369020}
2019-06-15 11:33:22,939 - octoprint.server.heartbeat - INFO - Server heartbeat <3
2019-06-15 11:33:39,487 - octoprint.plugins.tracking - INFO - Sent tracking event ping, payload: {'octoprint_uptime': 369920}
2019-06-15 11:48:22,945 - octoprint.server.heartbeat - INFO - Server heartbeat <3
2019-06-15 11:48:39,527 - octoprint.plugins.tracking - INFO - Sent tracking event ping, payload: {'octoprint_uptime': 370820}
2019-06-15 12:03:22,951 - octoprint.server.heartbeat - INFO - Server heartbeat <3
2019-06-15 12:03:39,539 - octoprint.plugins.tracking - INFO - Sent tracking event ping, payload: {'octoprint_uptime': 371720}
2019-06-15 12:18:22,957 - octoprint.server.heartbeat - INFO - Server heartbeat <3
2019-06-15 12:18:39,551 - octoprint.plugins.tracking - INFO - Sent tracking event ping, payload: {'octoprint_uptime': 372620}
2019-06-15 12:33:22,963 - octoprint.server.heartbeat - INFO - Server heartbeat <3
2019-06-15 12:33:39,533 - octoprint.plugins.tracking - INFO - Sent tracking event ping, payload: {'octoprint_uptime': 373520}
2019-06-15 12:48:22,966 - octoprint.server.heartbeat - INFO - Server heartbeat <3
2019-06-15 12:48:39,556 - octoprint.plugins.tracking - INFO - Sent tracking event ping, payload: {'octoprint_uptime': 374420}
2019-06-15 13:03:22,970 - octoprint.server.heartbeat - INFO - Server heartbeat <3
2019-06-15 13:03:39,477 - octoprint.plugins.tracking - INFO - Sent tracking event ping, payload: {'octoprint_uptime': 375320}
2019-06-15 13:18:22,974 - octoprint.server.heartbeat - INFO - Server heartbeat <3
2019-06-15 13:18:39,520 - octoprint.plugins.tracking - INFO - Sent tracking event ping, payload: {'octoprint_uptime': 376220}
2019-06-15 13:33:22,977 - octoprint.server.heartbeat - INFO - Server heartbeat <3
2019-06-15 13:33:39,521 - octoprint.plugins.tracking - INFO - Sent tracking event ping, payload: {'octoprint_uptime': 377120}
2019-06-15 13:48:22,981 - octoprint.server.heartbeat - INFO - Server heartbeat <3
2019-06-15 13:48:39,543 - octoprint.plugins.tracking - INFO - Sent tracking event ping, payload: {'octoprint_uptime': 378020}
2019-06-15 14:03:22,984 - octoprint.server.heartbeat - INFO - Server heartbeat <3
2019-06-15 14:03:39,568 - octoprint.plugins.tracking - INFO - Sent tracking event ping, payload: {'octoprint_uptime': 378920}
2019-06-15 14:18:22,988 - octoprint.server.heartbeat - INFO - Server heartbeat <3
2019-06-15 14:18:39,615 - octoprint.plugins.tracking - INFO - Sent tracking event ping, payload: {'octoprint_uptime': 379820}
2019-06-15 14:33:22,991 - octoprint.server.heartbeat - INFO - Server heartbeat <3
2019-06-15 14:33:39,526 - octoprint.plugins.tracking - INFO - Sent tracking event ping, payload: {'octoprint_uptime': 380720}
2019-06-15 14:48:22,996 - octoprint.server.heartbeat - INFO - Server heartbeat <3
2019-06-15 14:48:39,550 - octoprint.plugins.tracking - INFO - Sent tracking event ping, payload: {'octoprint_uptime': 381620}
2019-06-15 15:03:23,003 - octoprint.server.heartbeat - INFO - Server heartbeat <3
2019-06-15 15:03:39,554 - octoprint.plugins.tracking - INFO - Sent tracking event ping, payload: {'octoprint_uptime': 382520}
2019-06-15 15:18:23,007 - octoprint.server.heartbeat - INFO - Server heartbeat <3
2019-06-15 15:18:39,652 - octoprint.plugins.tracking - INFO - Sent tracking event ping, payload: {'octoprint_uptime': 383420}
2019-06-15 15:33:23,009 - octoprint.server.heartbeat - INFO - Server heartbeat <3
2019-06-15 15:33:39,679 - octoprint.plugins.tracking - INFO - Sent tracking event ping, payload: {'octoprint_uptime': 384320}
2019-06-15 15:48:23,012 - octoprint.server.heartbeat - INFO - Server heartbeat <3
2019-06-15 15:48:39,676 - octoprint.plugins.tracking - INFO - Sent tracking event ping, payload: {'octoprint_uptime': 385220}
2019-06-15 16:03:23,017 - octoprint.server.heartbeat - INFO - Server heartbeat <3
2019-06-15 16:03:39,708 - octoprint.plugins.tracking - INFO - Sent tracking event ping, payload: {'octoprint_uptime': 386120}
2019-06-15 16:18:23,020 - octoprint.server.heartbeat - INFO - Server heartbeat <3
2019-06-15 16:18:39,606 - octoprint.plugins.tracking - INFO - Sent tracking event ping, payload: {'octoprint_uptime': 387020}
2019-06-15 16:33:23,027 - octoprint.server.heartbeat - INFO - Server heartbeat <3
2019-06-15 16:33:39,694 - octoprint.plugins.tracking - INFO - Sent tracking event ping, payload: {'octoprint_uptime': 387920}
2019-06-15 16:48:23,033 - octoprint.server.heartbeat - INFO - Server heartbeat <3
2019-06-15 16:48:39,746 - octoprint.plugins.tracking - INFO - Sent tracking event ping, payload: {'octoprint_uptime': 388820}
2019-06-15 17:03:23,037 - octoprint.server.heartbeat - INFO - Server heartbeat <3
2019-06-15 17:03:39,749 - octoprint.plugins.tracking - INFO - Sent tracking event ping, payload: {'octoprint_uptime': 389720}
2019-06-15 17:18:23,044 - octoprint.server.heartbeat - INFO - Server heartbeat <3
2019-06-15 17:18:39,676 - octoprint.plugins.tracking - INFO - Sent tracking event ping, payload: {'octoprint_uptime': 390620}
2019-06-15 17:33:23,051 - octoprint.server.heartbeat - INFO - Server heartbeat <3
2019-06-15 17:33:39,766 - octoprint.plugins.tracking - INFO - Sent tracking event ping, payload: {'octoprint_uptime': 391520}
2019-06-15 17:41:57,333 - octoprint.server.util.sockjs - INFO - New connection from client: 192.168.1.50
2019-06-15 17:41:57,502 - octoprint.server.util.flask - INFO - Passively logging in user dummy from 192.168.1.50
2019-06-15 17:41:59,600 - octoprint.plugins.announcements - INFO - Loaded channel _important from https://octoprint.org/feeds/important.xml in 0.78s
2019-06-15 17:42:00,953 - octoprint.plugins.announcements - INFO - Loaded channel _releases from https://octoprint.org/feeds/releases.xml in 0.92s
2019-06-15 17:42:01,835 - octoprint.plugins.announcements - INFO - Loaded channel _blog from https://octoprint.org/feeds/octoblog.xml in 0.75s
2019-06-15 17:42:02,684 - octoprint.plugins.announcements - INFO - Loaded channel _plugins from https://plugins.octoprint.org/feed.xml in 0.74s
2019-06-15 17:42:03,631 - octoprint.plugins.announcements - INFO - Loaded channel _octopi from https://octoprint.org/feeds/octopi.xml in 0.77s
2019-06-15 17:42:04,896 - octoprint.plugins.softwareupdate - INFO - Saved version cache to disk
2019-06-15 17:42:06,284 - octoprint.server.util.sockjs - INFO - New connection from client: 192.168.1.50
2019-06-15 17:42:06,470 - octoprint.server.util.flask - INFO - Passively logging in user dummy from 192.168.1.50
2019-06-15 17:42:16,524 - octoprint.server.util.sockjs - INFO - Client connection closed: 192.168.1.50
2019-06-15 17:48:23,053 - octoprint.server.heartbeat - INFO - Server heartbeat <3
2019-06-15 17:48:39,781 - octoprint.plugins.tracking - INFO - Sent tracking event ping, payload: {'octoprint_uptime': 392420}
2019-06-15 17:50:22,180 - octoprint.util.comm - INFO - Changing monitoring state from "Offline" to "Detecting serial port"
2019-06-15 17:50:22,345 - octoprint.util.comm - INFO - Changing monitoring state from "Detecting serial port" to "Error: Connection error, see Terminal tab"
2019-06-15 17:50:22,353 - octoprint.util.comm - ERROR - Unexpected error while connecting to serial port: AUTO SerialException: '[Errno 6] could not open port /dev/ttyUSB0: [Errno 6] No such device or address: '/dev/ttyUSB0'' @ comm.py:_openSerial:2611 (hook default)
Traceback (most recent call last):
  File "/opt/octoprint/venv/lib/python2.7/site-packages/OctoPrint-1.3.11-py2.7.egg/octoprint/util/comm.py", line 2611, in _openSerial
    serial_obj = factory(self, self._port, self._baudrate, settings().getFloat(["serial", "timeout", "connection"]))
  File "/opt/octoprint/venv/lib/python2.7/site-packages/OctoPrint-1.3.11-py2.7.egg/octoprint/util/comm.py", line 2600, in default
    serial_obj = serial.Serial(**serial_port_args)
  File "/opt/octoprint/venv/lib/python2.7/site-packages/pyserial-3.4-py2.7.egg/serial/serialutil.py", line 240, in __init__
    self.open()
  File "/opt/octoprint/venv/lib/python2.7/site-packages/pyserial-3.4-py2.7.egg/serial/serialposix.py", line 268, in open
    raise SerialException(msg.errno, "could not open port {}: {}".format(self._port, msg))
SerialException: [Errno 6] could not open port /dev/ttyUSB0: [Errno 6] No such device or address: '/dev/ttyUSB0'
2019-06-15 17:50:23,285 - octoprint.plugins.tracking - INFO - Sent tracking event commerror_connection, payload: {'commerror_text': 'Connection error, see Terminal tab'}
